<?xml version="1.0" encoding="UTF-8"?>
<testsuite name="code.AppTest" tests="1" skipped="0" failures="0" errors="0" timestamp="2023-03-27T12:04:13" hostname="Fredriks-MacBook-Pro.local" time="0.009">
  <properties/>
  <testcase name="testCountMinUpdate" classname="code.AppTest" time="0.009"/>
  <system-out><![CDATA[]]></system-out>
  <system-err><![CDATA[]]></system-err>
</testsuite>
