<?xml version="1.0" encoding="UTF-8"?>
<testsuite name="code.AppTest" tests="1" skipped="0" failures="0" errors="0" timestamp="2023-03-08T20:33:05" hostname="Fredriks-MacBook-Pro.local" time="0.008">
  <properties/>
  <testcase name="stringShouldBecomeStringAgain" classname="code.AppTest" time="0.008"/>
  <system-out><![CDATA[Original String : Hello my name is... slim shady!
recreated: Hello my name is... slim shady!
]]></system-out>
  <system-err><![CDATA[]]></system-err>
</testsuite>
