<?xml version="1.0" encoding="UTF-8"?>
<testsuite name="code.AppTest" tests="2" skipped="0" failures="0" errors="0" timestamp="2023-03-28T15:11:39" hostname="Fredriks-MacBook-Pro.local" time="0.007">
  <properties/>
  <testcase name="testCountMinQuery" classname="code.AppTest" time="0.005"/>
  <testcase name="testCountMinUpdate" classname="code.AppTest" time="0.001"/>
  <system-out><![CDATA[]]></system-out>
  <system-err><![CDATA[]]></system-err>
</testsuite>
