<?xml version="1.0" encoding="UTF-8"?>
<testsuite name="code.AppTest" tests="2" skipped="0" failures="0" errors="0" timestamp="2023-03-29T04:34:29" hostname="Fredriks-MacBook-Pro.local" time="0.015">
  <properties/>
  <testcase name="testCountMinQuery" classname="code.AppTest" time="0.007"/>
  <testcase name="testCountMinUpdate" classname="code.AppTest" time="0.007"/>
  <system-out><![CDATA[]]></system-out>
  <system-err><![CDATA[]]></system-err>
</testsuite>
